
2011-07-06 14:53:37...Begin System Check Process *************
2011-07-06 14:53:37...Found at least one supported DB Type
2011-07-06 14:53:37...XML Parsing Support Found
2011-07-06 14:53:37...MBString Support Found
2011-07-06 14:53:37...ZIP Support Found
2011-07-06 14:53:37.../custom directory and subdirectory check passed
2011-07-06 14:53:37.../data/upoad directory and subdirectory check passed
2011-07-06 14:53:37.../cache directory and subdirectory check passed
2011-07-06 14:53:41.../module  directory and subdirectory check passed
2011-07-06 14:53:41...php.ini location found. D:\xampp\apache\bin\php.ini
2011-07-06 14:53:41...Outputting HTML for System check
2011-07-06 14:53:41...No Errors were found *************
2011-07-06 14:56:01...Begin DB Check Process *************
2011-07-06 14:56:01...Basic form info is valid, continuing Process.
2011-07-06 14:56:01...testing with mysql
2011-07-06 14:56:01...MySQLI library detected
2011-07-06 14:56:01...Connection made using  host: localhost, usr: root
2011-07-06 14:56:01...Testing priviliged account...
2011-07-06 14:56:01...Connection made for Privileged admin account using  host: localhost, usr: root
2011-07-06 14:56:01...DB not selected, will create sugarcrm620
2011-07-06 14:56:01...Passed DB Version check, version is 5.0.51
2011-07-06 14:56:01...SUCCESS:: no errors detected!
2011-07-06 14:56:01...End DB Check Process *************
2011-07-06 14:57:05...calling handleSugarConfig()
2011-07-06 14:57:05...calling handleLog4Php()
2011-07-06 14:57:05...calling handleHtaccess()
2011-07-06 14:57:05...calling handleDbCreateDatabase()
2011-07-06 14:57:07...looping through all the Beans and create their tables
2011-07-06 14:57:07...processing table acl_actions
2011-07-06 14:57:07...dropping table acl_actions
2011-07-06 14:57:07...creating table acl_actions
2011-07-06 14:57:07...creating Relationship Meta for ACLAction
2011-07-06 14:57:07...processing table acl_roles
2011-07-06 14:57:07...dropping table acl_roles
2011-07-06 14:57:07...creating table acl_roles
2011-07-06 14:57:07...creating Relationship Meta for ACLRole
2011-07-06 14:57:07...processing table relationships
2011-07-06 14:57:07...dropping table relationships
2011-07-06 14:57:07...creating table relationships
2011-07-06 14:57:07...creating Relationship Meta for Relationship
2011-07-06 14:57:07...processing table leads
2011-07-06 14:57:07...dropping table leads
2011-07-06 14:57:07...creating table leads
2011-07-06 14:57:07...creating Relationship Meta for Lead
2011-07-06 14:57:08...processing table cases
2011-07-06 14:57:08...dropping table cases
2011-07-06 14:57:08...creating table cases
2011-07-06 14:57:08...creating Relationship Meta for Case
2011-07-06 14:57:08...processing table bugs
2011-07-06 14:57:08...dropping table bugs
2011-07-06 14:57:08...creating table bugs
2011-07-06 14:57:08...creating Relationship Meta for Bug
2011-07-06 14:57:09...processing table users
2011-07-06 14:57:09...dropping table users
2011-07-06 14:57:09...creating table users
2011-07-06 14:57:09...creating Relationship Meta for User
2011-07-06 14:57:09...processing table campaign_log
2011-07-06 14:57:09...dropping table campaign_log
2011-07-06 14:57:09...creating table campaign_log
2011-07-06 14:57:09...creating Relationship Meta for CampaignLog
2011-07-06 14:57:09...processing table project
2011-07-06 14:57:09...dropping table project
2011-07-06 14:57:09...creating table project
2011-07-06 14:57:09...creating Relationship Meta for Project
2011-07-06 14:57:09...processing table project_task
2011-07-06 14:57:09...dropping table project_task
2011-07-06 14:57:09...creating table project_task
2011-07-06 14:57:09...creating Relationship Meta for ProjectTask
2011-07-06 14:57:10...processing table campaigns
2011-07-06 14:57:10...dropping table campaigns
2011-07-06 14:57:10...creating table campaigns
2011-07-06 14:57:10...creating Relationship Meta for Campaign
2011-07-06 14:57:10...processing table prospect_lists
2011-07-06 14:57:10...dropping table prospect_lists
2011-07-06 14:57:10...creating table prospect_lists
2011-07-06 14:57:10...creating Relationship Meta for ProspectList
2011-07-06 14:57:10...processing table prospects
2011-07-06 14:57:10...dropping table prospects
2011-07-06 14:57:10...creating table prospects
2011-07-06 14:57:10...creating Relationship Meta for Prospect
2011-07-06 14:57:10...processing table email_marketing
2011-07-06 14:57:10...dropping table email_marketing
2011-07-06 14:57:10...creating table email_marketing
2011-07-06 14:57:10...creating Relationship Meta for EmailMarketing
2011-07-06 14:57:11...processing table campaign_trkrs
2011-07-06 14:57:11...dropping table campaign_trkrs
2011-07-06 14:57:11...creating table campaign_trkrs
2011-07-06 14:57:11...creating Relationship Meta for CampaignTracker
2011-07-06 14:57:11...processing table releases
2011-07-06 14:57:11...dropping table releases
2011-07-06 14:57:11...creating table releases
2011-07-06 14:57:11...creating Relationship Meta for Release
2011-07-06 14:57:11...processing table emailman
2011-07-06 14:57:11...dropping table emailman
2011-07-06 14:57:11...creating table emailman
2011-07-06 14:57:11...creating Relationship Meta for EmailMan
2011-07-06 14:57:11...processing table schedulers
2011-07-06 14:57:11...dropping table schedulers
2011-07-06 14:57:11...creating table schedulers
2011-07-06 14:57:11...creating Relationship Meta for schedulers
2011-07-06 14:57:11...processing table schedulers_times
2011-07-06 14:57:11...dropping table schedulers_times
2011-07-06 14:57:11...creating table schedulers_times
2011-07-06 14:57:11...creating Relationship Meta for SchedulersJob
2011-07-06 14:57:11...processing table contacts
2011-07-06 14:57:11...dropping table contacts
2011-07-06 14:57:11...creating table contacts
2011-07-06 14:57:11...creating Relationship Meta for Contact
2011-07-06 14:57:11...processing table accounts
2011-07-06 14:57:11...dropping table accounts
2011-07-06 14:57:12...creating table accounts
2011-07-06 14:57:12...creating Relationship Meta for Account
2011-07-06 14:57:12...processing table opportunities
2011-07-06 14:57:12...dropping table opportunities
2011-07-06 14:57:12...creating table opportunities
2011-07-06 14:57:12...creating Relationship Meta for Opportunity
2011-07-06 14:57:12...processing table email_templates
2011-07-06 14:57:12...dropping table email_templates
2011-07-06 14:57:12...creating table email_templates
2011-07-06 14:57:12...creating Relationship Meta for EmailTemplate
2011-07-06 14:57:13...processing table notes
2011-07-06 14:57:13...dropping table notes
2011-07-06 14:57:13...creating table notes
2011-07-06 14:57:13...creating Relationship Meta for Note
2011-07-06 14:57:13...processing table calls
2011-07-06 14:57:13...dropping table calls
2011-07-06 14:57:13...creating table calls
2011-07-06 14:57:13...creating Relationship Meta for Call
2011-07-06 14:57:13...processing table emails
2011-07-06 14:57:13...dropping table emails
2011-07-06 14:57:13...creating table emails
2011-07-06 14:57:13...creating Relationship Meta for Email
2011-07-06 14:57:13...processing table meetings
2011-07-06 14:57:13...dropping table meetings
2011-07-06 14:57:13...creating table meetings
2011-07-06 14:57:13...creating Relationship Meta for Meeting
2011-07-06 14:57:13...processing table tasks
2011-07-06 14:57:13...dropping table tasks
2011-07-06 14:57:13...creating table tasks
2011-07-06 14:57:13...creating Relationship Meta for Task
2011-07-06 14:57:13...processing table users
2011-07-06 14:57:13...processing table users
2011-07-06 14:57:13...processing table currencies
2011-07-06 14:57:13...dropping table currencies
2011-07-06 14:57:13...creating table currencies
2011-07-06 14:57:13...creating Relationship Meta for Currency
2011-07-06 14:57:14...processing table tracker
2011-07-06 14:57:14...dropping table tracker
2011-07-06 14:57:14...creating table tracker
2011-07-06 14:57:14...creating Relationship Meta for Tracker
2011-07-06 14:57:14...processing table import_maps
2011-07-06 14:57:14...dropping table import_maps
2011-07-06 14:57:14...creating table import_maps
2011-07-06 14:57:14...creating Relationship Meta for ImportMap
2011-07-06 14:57:14...processing table users_last_import
2011-07-06 14:57:14...dropping table users_last_import
2011-07-06 14:57:14...creating table users_last_import
2011-07-06 14:57:14...creating Relationship Meta for UsersLastImport
2011-07-06 14:57:14...processing table config
2011-07-06 14:57:14...dropping table config
2011-07-06 14:57:14...creating table config
2011-07-06 14:57:14...creating Relationship Meta for Administration
2011-07-06 14:57:14...processing table upgrade_history
2011-07-06 14:57:14...dropping table upgrade_history
2011-07-06 14:57:14...creating table upgrade_history
2011-07-06 14:57:14...creating Relationship Meta for UpgradeHistory
2011-07-06 14:57:14...processing table vcals
2011-07-06 14:57:14...dropping table vcals
2011-07-06 14:57:14...creating table vcals
2011-07-06 14:57:14...creating Relationship Meta for vCal
2011-07-06 14:57:14...processing table versions
2011-07-06 14:57:14...dropping table versions
2011-07-06 14:57:15...creating table versions
2011-07-06 14:57:15...creating Relationship Meta for Version
2011-07-06 14:57:15...processing table roles
2011-07-06 14:57:15...dropping table roles
2011-07-06 14:57:15...creating table roles
2011-07-06 14:57:15...creating Relationship Meta for Role
2011-07-06 14:57:15...processing table documents
2011-07-06 14:57:15...dropping table documents
2011-07-06 14:57:15...creating table documents
2011-07-06 14:57:15...creating Relationship Meta for Document
2011-07-06 14:57:15...processing table document_revisions
2011-07-06 14:57:15...dropping table document_revisions
2011-07-06 14:57:15...creating table document_revisions
2011-07-06 14:57:15...creating Relationship Meta for DocumentRevision
2011-07-06 14:57:15...processing table fields_meta_data
2011-07-06 14:57:15...dropping table fields_meta_data
2011-07-06 14:57:15...creating table fields_meta_data
2011-07-06 14:57:15...creating Relationship Meta for FieldsMetaData
2011-07-06 14:57:15...processing table inbound_email
2011-07-06 14:57:15...dropping table inbound_email
2011-07-06 14:57:15...creating table inbound_email
2011-07-06 14:57:15...creating Relationship Meta for InboundEmail
2011-07-06 14:57:15...processing table saved_search
2011-07-06 14:57:15...dropping table saved_search
2011-07-06 14:57:15...creating table saved_search
2011-07-06 14:57:15...creating Relationship Meta for SavedSearch
2011-07-06 14:57:15...processing table user_preferences
2011-07-06 14:57:15...dropping table user_preferences
2011-07-06 14:57:16...creating table user_preferences
2011-07-06 14:57:16...creating Relationship Meta for UserPreference
2011-07-06 14:57:16...processing table 
2011-07-06 14:57:16...processing table email_addresses
2011-07-06 14:57:16...dropping table email_addresses
2011-07-06 14:57:16...creating table email_addresses
2011-07-06 14:57:16...creating Relationship Meta for EmailAddress
2011-07-06 14:57:16...processing table sugarfeed
2011-07-06 14:57:16...dropping table sugarfeed
2011-07-06 14:57:16...creating table sugarfeed
2011-07-06 14:57:16...creating Relationship Meta for SugarFeed
2011-07-06 14:57:16...processing table eapm
2011-07-06 14:57:16...dropping table eapm
2011-07-06 14:57:17...creating table eapm
2011-07-06 14:57:17...creating Relationship Meta for EAPM
2011-07-06 14:57:22...Begin creating Defaults
2011-07-06 14:57:22...insert defaults into config table
2011-07-06 14:57:22...Creating default users
2011-07-06 14:57:22...Creating default scheduler jobs
2011-07-06 14:57:22...Enable SugarFeeds
2011-07-06 14:57:23...populating the db with seed data
2011-07-06 14:57:54...Installation has completed *********